#-----------------------------------------------------------
# Vivado v2018.2 (64-bit)
# SW Build 2258646 on Thu Jun 14 20:03:12 MDT 2018
# IP Build 2256618 on Thu Jun 14 22:10:49 MDT 2018
# Start of session at: Mon Nov  4 22:42:02 2024
# Process ID: 14860
# Current directory: C:/Users/rexko/AppData/Roaming/Xilinx/Vivado
# Command line: vivado.exe -gui_launcher_event rodinguilauncherevent7068
# Log file: C:/Users/rexko/AppData/Roaming/Xilinx/Vivado/vivado.log
# Journal file: C:/Users/rexko/AppData/Roaming/Xilinx/Vivado\vivado.jou
#-----------------------------------------------------------
start_gui
open_project {C:/Users/rexko/Downloads/S2_03_LOW TSE_QUAN TENG_REX KOH_SEAN TER_Improvements_Archive.xpr/BomberMan/BomberMan.xpr}
INFO: [ProjectBase 1-489] The host OS only allows 260 characters in a normal path. The project is stored in a path with more than 80 characters. If you experience issues with IP, Block Designs, or files not being found, please consider moving the project to a location with a shorter path. Alternately consider using the OS subst command to map part of the path to a drive letter.
Current project path is 'C:/Users/rexko/Downloads/S2_03_LOW TSE_QUAN TENG_REX KOH_SEAN TER_Improvements_Archive.xpr/BomberMan'
Scanning sources...
Finished scanning sources
INFO: [IP_Flow 19-234] Refreshing IP repositories
INFO: [IP_Flow 19-1704] No user IP repositories specified
INFO: [IP_Flow 19-2313] Loaded Vivado IP repository 'C:/Xilinx/Vivado/2018.2/data/ip'.
open_project: Time (s): cpu = 00:00:02 ; elapsed = 00:00:05 . Memory (MB): peak = 823.949 ; gain = 87.852
update_compile_order -fileset sources_1
reset_run synth_1
launch_runs impl_1 -to_step write_bitstream -jobs 12
[Mon Nov  4 22:43:22 2024] Launched synth_1...
Run output will be captured here: C:/Users/rexko/Downloads/S2_03_LOW TSE_QUAN TENG_REX KOH_SEAN TER_Improvements_Archive.xpr/BomberMan/BomberMan.runs/synth_1/runme.log
[Mon Nov  4 22:43:22 2024] Launched impl_1...
Run output will be captured here: C:/Users/rexko/Downloads/S2_03_LOW TSE_QUAN TENG_REX KOH_SEAN TER_Improvements_Archive.xpr/BomberMan/BomberMan.runs/impl_1/runme.log
archive_project {C:/Users/rexko/Downloads/Telegram Desktop/BomberMan.xpr.zip} -temp_dir C:/Users/rexko/AppData/Roaming/Xilinx/Vivado/.Xil/Vivado-14860-tendra -force -include_local_ip_cache -include_config_settings
INFO: [Coretcl 2-137] starting archive...
INFO: [Coretcl 2-1499] Saving project copy to temporary location 'C:/Users/rexko/AppData/Roaming/Xilinx/Vivado/.Xil/Vivado-14860-tendra' for archiving project
INFO: [ProjectBase 1-489] The host OS only allows 260 characters in a normal path. The project is stored in a path with more than 80 characters. If you experience issues with IP, Block Designs, or files not being found, please consider moving the project to a location with a shorter path. Alternately consider using the OS subst command to map part of the path to a drive letter.
Current project path is 'C:/Users/rexko/Downloads/S2_03_LOW TSE_QUAN TENG_REX KOH_SEAN TER_Improvements_Archive.xpr/BomberMan'
Scanning sources...
Finished scanning sources
INFO: [Coretcl 2-1211] Creating project copy for archival...
INFO: [Coretcl 2-1213] Including run results for 'synth_1'
INFO: [Coretcl 2-1213] Including run results for 'impl_1'
INFO: [Coretcl 2-1212] Importing remotely added design sources and verilog include files (if any)...
INFO: [filemgmt 20-334] All file(s) are already imported in fileset: 'constrs_1'
INFO: [filemgmt 20-348] Importing the appropriate files for fileset: 'constrs_1'
INFO: [filemgmt 20-334] All file(s) are already imported in fileset: 'sim_1'
INFO: [filemgmt 20-348] Importing the appropriate files for fileset: 'sim_1'
INFO: [filemgmt 20-348] Importing the appropriate files for fileset: 'sources_1'
